2022-10-17 11:05:44,231 - CRITICAL - Simulasi Dimulai
2022-10-17 11:05:44,232 - DEBUG - Kendaraan terdeteksi
2022-10-17 11:05:44,232 - WARNING - Input semua data mulai
2022-10-17 11:05:54,032 - DEBUG - Input jenis kendaraan berhasil
2022-10-17 11:06:14,803 - DEBUG - Input kode kartu berhasil
2022-10-17 11:06:27,940 - DEBUG - Input saldo kendaraan berhasil
2022-10-17 11:06:58,859 - DEBUG - Input gerbang berhasil
2022-10-17 11:06:58,860 - WARNING - Input semua data berhasil
2022-10-17 11:06:58,862 - WARNING - Pembayaran berhasil
2022-10-17 11:07:11,017 - DEBUG - Kendaraan terdeteksi
2022-10-17 11:07:11,018 - WARNING - Input semua data mulai
2022-10-17 11:07:20,254 - DEBUG - Input jenis kendaraan berhasil
2022-10-17 11:07:31,748 - DEBUG - Input kode kartu berhasil
2022-10-17 11:07:39,304 - DEBUG - Input saldo kendaraan berhasil
2022-10-17 11:07:44,119 - DEBUG - Input gerbang berhasil
2022-10-17 11:07:44,120 - WARNING - Input semua data berhasil
2022-10-17 11:07:44,121 - WARNING - Pembayaran gagal
2022-10-17 11:07:52,961 - DEBUG - Kendaraan terdeteksi
2022-10-17 11:07:52,961 - WARNING - Input semua data mulai
2022-10-17 11:08:03,150 - DEBUG - Input jenis kendaraan berhasil
2022-10-17 11:08:09,504 - DEBUG - Input kode kartu berhasil
2022-10-17 11:08:23,569 - DEBUG - Input saldo kendaraan berhasil
2022-10-17 11:08:26,186 - DEBUG - Input gerbang berhasil
2022-10-17 11:08:26,186 - WARNING - Input semua data berhasil
2022-10-17 11:08:26,188 - WARNING - Pembayaran berhasil
2022-10-17 11:08:29,287 - CRITICAL - Simulasi Selesai
